C:\Users\vasil\OneDrive\Документы\KiCad\Electronics\Andrew&Joshua\Andrew&Joshua.cir(4): Expected nodes here.
J3 __J3
  ^^^^^
C:\Users\vasil\OneDrive\Документы\KiCad\Electronics\Andrew&Joshua\Andrew&Joshua.cir(6): Expected device instantiation or directive here.
0.1uF1 __0.1uF1
^^^^^^^^^^^^^^^
C:\Users\vasil\OneDrive\Документы\KiCad\Electronics\Andrew&Joshua\Andrew&Joshua.cir(9): Expected nodes here.
J1 __J1
  ^^^^^
C:\Users\vasil\OneDrive\Документы\KiCad\Electronics\Andrew&Joshua\Andrew&Joshua.cir(12): Expected nodes here.
Y1 __Y1
  ^^^^^
C:\Users\vasil\OneDrive\Документы\KiCad\Electronics\Andrew&Joshua\Andrew&Joshua.cir(15): Expected nodes here.
Y2 __Y2
  ^^^^^
C:\Users\vasil\OneDrive\Документы\KiCad\Electronics\Andrew&Joshua\Andrew&Joshua.cir(21): Expected nodes here.
U1 __U1
  ^^^^^
C:\Users\vasil\OneDrive\Документы\KiCad\Electronics\Andrew&Joshua\Andrew&Joshua.cir(27): Expected nodes here.
U3 __U3
  ^^^^^
C:\Users\vasil\OneDrive\Документы\KiCad\Electronics\Andrew&Joshua\Andrew&Joshua.cir(35): Expected node name here.
A1 __A1
       ^
C:\Users\vasil\OneDrive\Документы\KiCad\Electronics\Andrew&Joshua\Andrew&Joshua.cir(35): Expected device instantiation or directive here.
A1 __A1
^^^^^^^
